
  Startuptime: 51.48ms

  Based on the actual CPU time of the Neovim process till UIEnter.
  This is more accurate than `nvim --startuptime`.
    LazyStart 9.77ms
    LazyDone  33.69ms (+23.93ms)
    UIEnter   51.48ms (+17.79ms)

  Profile

  You can press <C-s> to change sorting between chronological order & time taken.
  Press <C-f> to filter profiling entries that took more time than a given threshold

    в—Ҹ п’Ү lazy.nvim 5.24ms
      вһң п„Ў module 1.22ms
      вһң п„Ў config 0.32ms
      вһң п„Ў spec 2.04ms
        вҳ… п„Ў pkg 0.14ms
        вҳ… оүҪ plugins.editor 0.44ms
        вҳ… оүҪ plugins.highlight 0.07ms
        вҳ… оүҪ plugins.lsp 0.16ms
        вҳ… оүҪ plugins.motion 0.05ms
        вҳ… оүҪ plugins.search 0.09ms
        вҳ… оүҪ plugins.theme 0.03ms
        вҳ… оүҪ plugins.ui 0.12ms
        вҳ… п„Ў resolve plugins 0.46ms
      вһң п„Ў state 0.1ms
      вһң п„Ў install 0.07ms
      вһң п„Ў handlers 1.16ms
    в—Ҹ о«“ startup 18.88ms
      вһң оҹ… runtime/filetype.lua 0.25ms
      вһң о«“ init 0ms
      вһң о«“ start 17.75ms
        вҳ… о«“ start п’Ү oxocarbon.nvim 2.47ms
        вҳ… о«“ start п’Ү hop.nvim 1.31ms
          вҖ’ оҹ… hop.nvim/plugin/hop.vim 0.19ms
        вҳ… о«“ start п’Ү oil.nvim 2.21ms
        вҳ… о«“ start п’Ү fidget.nvim 2.62ms
        вҳ… о«“ start п’Ү alpha-nvim 1.23ms
          вҖ’ п’Ү nvim-web-devicons 0.34ms
            в—Ҹ оҹ… nvim-web-devicons/plugin/nvim-web-devicons.vim 0.11ms
        вҳ… о«“ start п’Ү todo-comments.nvim 1.15ms
          вҖ’ п’Ү plenary.nvim 0.24ms
            в—Ҹ оҹ… plenary.nvim/plugin/plenary.vim 0.06ms
          вҖ’ оҹ… todo-comments.nvim/plugin/todo.vim 0.05ms
        вҳ… о«“ start п’Ү indent-blankline.nvim 2.1ms
        вҳ… о«“ start п’Ү hardtime.nvim 1.21ms
          вҖ’ п’Ү nui.nvim 0.16ms
        вҳ… о«“ start п’Ү Comment.nvim 1.42ms
          вҖ’ оҹ… Comment.nvim/plugin/Comment.lua 1.03ms
        вҳ… о«“ start п’Ү vim-sleuth 0.36ms
          вҖ’ оҹ… vim-sleuth/plugin/sleuth.vim 0.25ms
        вҳ… о«“ start п’Ү nvim-lspconfig 1.64ms
          вҖ’ оҹ… nvim-lspconfig/plugin/lspconfig.lua 0.51ms
      вһң о«“ rtp plugins 0.61ms
        вҳ… оҹ… runtime/plugin/editorconfig.lua 0.08ms
        вҳ… оҹ… runtime/plugin/man.lua 0.07ms
        вҳ… оҹ… runtime/plugin/osc52.lua 0.08ms
        вҳ… оҹ… runtime/plugin/rplugin.vim 0.14ms
        вҳ… оҹ… runtime/plugin/shada.vim 0.08ms
        вҳ… оҹ… runtime/plugin/spellfile.vim 0.06ms
      вһң о«“ after 0.22ms
        вҳ… оҹ… after/plugin/commands.lua 0.11ms
    в—Ҹ п’Ү fzf-lua 4.33ms
      вһң оҹ… fzf-lua/plugin/fzf-lua.lua 0.12ms
      вһң оҹ… fzf-lua/plugin/fzf-lua.vim 0.06ms
    в—Ҹ оӘҶ BufWinEnter 5.65ms
      вһң п’Ү lualine.nvim 5.59ms
        вҳ… п’Ү gitsigns.nvim 2.53ms
    в—Ҹ о«“ startuptime 51.48ms
    в—Ҹ оӘҶ VeryLazy 7.22ms
      вһң п’Ү noice.nvim 1.25ms
        вҳ… п’Ү nvim-notify 0.24ms
      вһң п’Ү which-key.nvim 0.63ms
        вҳ… оҹ… which-key.nvim/plugin/which-key.lua 0.09ms
      вһң п’Ү dressing.nvim 2.27ms
        вҳ… оҹ… dressing.nvim/plugin/dressing.lua 1.69ms
      вһң п’Ү arrow.nvim 1.75ms
      вһң п’Ү targets.vim 0.34ms
        вҳ… оҹ… targets.vim/plugin/targets.vim 0.19ms
      вһң оӘҶ arrow 0ms

