--- Startup times for process: Primary/TUI ---

times in msec
 clock   self+sourced   self:  sourced script
 clock   elapsed:              other lines

000.000  000.000: --- NVIM STARTING ---
000.052  000.052: event init
000.461  000.409: early init
001.006  000.545: locale set
001.047  000.041: init first window
001.513  000.467: inits 1
001.519  000.005: window checked
001.611  000.092: parsing arguments
002.192  000.019  000.019: require('vim.shared')
002.233  000.021  000.021: require('vim.inspect')
002.257  000.018  000.018: require('vim._options')
002.257  000.064  000.025: require('vim._editor')
002.258  000.111  000.029: require('vim._init_packages')
002.259  000.537: init lua interpreter
002.513  000.254: --- NVIM STARTED ---

--- Startup times for process: Embedded ---

times in msec
 clock   self+sourced   self:  sourced script
 clock   elapsed:              other lines

000.000  000.000: --- NVIM STARTING ---
000.043  000.043: event init
000.126  000.083: early init
000.309  000.183: locale set
000.334  000.025: init first window
000.515  000.182: inits 1
000.526  000.010: window checked
000.601  000.075: parsing arguments
000.857  000.018  000.018: require('vim.shared')
000.896  000.020  000.020: require('vim.inspect')
000.919  000.017  000.017: require('vim._options')
000.920  000.061  000.025: require('vim._editor')
000.921  000.096  000.017: require('vim._init_packages')
000.921  000.224: init lua interpreter
003.261  002.339: expanding arguments
003.273  000.013: inits 2
003.456  000.183: init highlight
003.457  000.001: waiting for UI
003.532  000.075: done waiting for UI
003.534  000.002: clear screen
003.577  000.006  000.006: require('vim.keymap')
004.020  000.484  000.478: require('vim._defaults')
004.021  000.003: init default mappings & autocommands
005.216  000.335  000.335: sourcing /opt/homebrew/Cellar/neovim/0.10.2_1/share/nvim/runtime/ftplugin.vim
005.619  000.344  000.344: sourcing /opt/homebrew/Cellar/neovim/0.10.2_1/share/nvim/runtime/indent.vim
006.580  000.035  000.035: require('vim.fs')
006.955  000.367  000.367: require('vim.uri')
006.967  000.439  000.036: require('vim.loader')
008.322  001.194  001.194: require('lazy')
008.354  000.012  000.012: require('ffi')
008.833  000.475  000.475: require('lazy.stats')
009.334  000.452  000.452: require('lazy.core.util')
009.958  000.622  000.622: require('lazy.core.config')
010.676  000.305  000.305: require('lazy.core.handler')
011.557  000.235  000.235: require('lazy.pkg')
011.562  000.474  000.239: require('lazy.core.meta')
011.566  000.889  000.415: require('lazy.core.plugin')
011.576  001.615  000.421: require('lazy.core.loader')
012.431  000.337  000.337: require('lazy.core.fragments')
019.078  000.334  000.334: require('lazy.core.handler.event')
019.393  000.310  000.310: require('lazy.core.handler.keys')
019.553  000.158  000.158: require('lazy.core.handler.cmd')
019.773  000.218  000.218: require('lazy.core.handler.ft')
021.615  000.539  000.539: sourcing /opt/homebrew/Cellar/neovim/0.10.2_1/share/nvim/runtime/filetype.lua
025.071  000.367  000.367: require('oxocarbon.colorutils')
026.109  002.606  002.239: require('oxocarbon')
026.113  002.912  000.306: sourcing /Users/lucaspichette/.local/share/nvim/lazy/oxocarbon.nvim/colors/oxocarbon.lua
027.852  000.211  000.211: require('Comment.config')
028.350  000.297  000.297: require('Comment.ft')
028.353  000.499  000.203: require('Comment.utils')
028.528  000.174  000.174: require('Comment.opfunc')
028.706  000.177  000.177: require('Comment.extra')
028.708  001.689  000.628: require('Comment.api')
028.743  002.140  000.452: sourcing /Users/lucaspichette/.local/share/nvim/lazy/Comment.nvim/plugin/Comment.lua
028.895  000.124  000.124: require('Comment')
029.737  000.461  000.461: sourcing /Users/lucaspichette/.local/share/nvim/lazy/vim-sleuth/plugin/sleuth.vim
030.453  000.139  000.139: sourcing /Users/lucaspichette/.local/share/nvim/lazy/plenary.nvim/plugin/plenary.vim
032.695  000.294  000.294: require('hardtime.config')
032.902  000.003  000.003: require('vim.F')
032.953  000.252  000.250: require('hardtime.log')
033.005  000.807  000.261: require('hardtime.util')
033.008  002.180  001.373: require('hardtime')
033.460  000.167  000.167: require('hardtime.report')
033.462  000.423  000.256: require('hardtime.command')
034.931  000.306  000.306: require('ibl.utils')
034.934  000.508  000.202: require('ibl.config')
035.203  000.130  000.130: require('ibl.indent')
035.213  000.279  000.149: require('ibl.hooks')
035.216  000.970  000.183: require('ibl.highlights')
035.415  000.198  000.198: require('ibl.autocmds')
035.855  000.438  000.438: require('ibl.inlay_hints')
036.067  000.210  000.210: require('ibl.virt_text')
036.827  000.426  000.426: require('ibl.scope_languages')
036.829  000.761  000.336: require('ibl.scope')
036.838  003.322  000.744: require('ibl')
037.583  000.565  000.565: require('vim.iter')
038.422  000.378  000.378: require('vim.lsp.log')
039.712  001.284  001.284: require('vim.lsp.protocol')
040.406  000.319  000.319: require('vim.lsp._snippet_grammar')
040.502  000.094  000.094: require('vim.highlight')
040.512  000.797  000.383: require('vim.lsp.util')
040.753  000.088  000.088: require('vim.lsp.sync')
040.757  000.243  000.155: require('vim.lsp._changetracking')
040.973  000.216  000.216: require('vim.lsp.rpc')
041.039  003.444  000.527: require('vim.lsp')
041.315  000.274  000.274: require('vim.lsp.handlers')
042.182  000.129  000.129: sourcing /Users/lucaspichette/.local/share/nvim/lazy/nvim-web-devicons/plugin/nvim-web-devicons.vim
043.404  000.148  000.148: require('arrow.config')
043.622  000.216  000.216: require('arrow.utils')
044.094  000.122  000.122: require('arrow.git')
044.099  000.289  000.167: require('arrow.persist')
044.225  000.125  000.125: require('arrow.integration.icons')
044.227  000.604  000.189: require('arrow.ui')
044.583  000.173  000.173: require('arrow.json')
044.586  000.358  000.185: require('arrow.buffer_persist')
045.125  000.305  000.305: require('arrow.buffer_ui')
045.127  000.541  000.235: require('arrow.commands')
045.308  000.180  000.180: require('arrow.save_keys')
045.309  002.720  000.674: require('arrow')
046.237  000.233  000.233: sourcing /Users/lucaspichette/.local/share/nvim/lazy/hop.nvim/plugin/hop.vim
046.957  000.708  000.708: require('hop')
047.321  000.157  000.157: require('hop.perm')
047.824  000.204  000.204: require('hop.priority')
047.827  000.503  000.299: require('hop.hint')
047.827  000.869  000.209: require('hop.defaults')
047.929  000.101  000.101: require('hop.highlight')
049.293  000.679  000.679: require('lspconfig.util')
049.307  000.976  000.297: sourcing /Users/lucaspichette/.local/share/nvim/lazy/nvim-lspconfig/plugin/lspconfig.lua
050.179  000.200  000.200: require('lspconfig.async')
050.181  000.490  000.290: require('lspconfig.configs')
050.186  000.863  000.373: require('lspconfig')
050.567  000.377  000.377: require('lspconfig.configs.eslint')
050.999  000.299  000.299: require('lspconfig.manager')
051.189  000.188  000.188: require('lspconfig.configs.lua_ls')
051.591  000.290  000.290: require('lspconfig.configs.cssls')
051.975  000.279  000.279: require('lspconfig.configs.angularls')
052.449  000.363  000.363: require('lspconfig.configs.ts_ls')
053.591  001.012  001.012: require('oil')
053.906  000.310  000.310: require('oil.ringbuf')
054.275  000.367  000.367: require('oil.config')
055.492  001.033  001.033: require('vim.filetype')
056.125  000.326  000.326: require('oil.fs')
056.733  000.210  000.210: require('oil.constants')
056.738  000.611  000.401: require('oil.util')
057.990  000.218  000.218: require('fidget.log')
057.995  001.168  000.949: require('fidget')
058.375  000.352  000.352: require('fidget.spinners')
058.989  000.147  000.147: sourcing /Users/lucaspichette/.local/share/nvim/lazy/todo-comments.nvim/plugin/todo.vim
060.042  000.135  000.135: require('todo-comments.util')
060.047  000.356  000.221: require('todo-comments.config')
060.545  000.288  000.288: require('todo-comments.highlight')
060.547  000.499  000.211: require('todo-comments.jump')
060.549  001.379  000.524: require('todo-comments')
060.955  000.158  000.158: sourcing /opt/homebrew/Cellar/neovim/0.10.2_1/share/nvim/runtime/plugin/editorconfig.lua
061.175  000.172  000.172: sourcing /opt/homebrew/Cellar/neovim/0.10.2_1/share/nvim/runtime/plugin/man.lua
061.625  000.410  000.410: sourcing /opt/homebrew/Cellar/neovim/0.10.2_1/share/nvim/runtime/plugin/osc52.lua
061.958  000.247  000.247: sourcing /opt/homebrew/Cellar/neovim/0.10.2_1/share/nvim/runtime/plugin/rplugin.vim
062.169  000.145  000.145: sourcing /opt/homebrew/Cellar/neovim/0.10.2_1/share/nvim/runtime/plugin/shada.vim
062.340  000.126  000.126: sourcing /opt/homebrew/Cellar/neovim/0.10.2_1/share/nvim/runtime/plugin/spellfile.vim
062.624  000.164  000.164: sourcing /Users/lucaspichette/.local/share/nvim/lazy/indent-blankline.nvim/after/plugin/commands.lua
062.695  056.679  017.468: require('config.lazy')
063.174  000.478  000.478: require('config.highlights')
065.045  000.266  000.266: sourcing /Users/lucaspichette/.local/share/nvim/lazy/fzf-lua/plugin/fzf-lua.lua
065.217  000.131  000.131: sourcing /Users/lucaspichette/.local/share/nvim/lazy/fzf-lua/plugin/fzf-lua.vim
066.507  000.322  000.322: require('fzf-lua.utils')
066.938  000.226  000.226: require('fzf-lua.lib.base64')
067.523  000.584  000.584: require('fzf-lua.lib.serpent')
067.531  001.023  000.213: require('fzf-lua.libuv')
067.546  001.763  000.418: require('fzf-lua.path')
068.493  000.533  000.533: require('fzf-lua.actions')
068.847  000.137  000.137: require('fzf-lua.class')
070.107  000.862  000.862: require('nvim-web-devicons.icons-default')
070.276  001.418  000.556: require('nvim-web-devicons')
070.293  001.799  000.243: require('fzf-lua.devicons')
071.085  000.453  000.453: require('fzf-lua.previewer')
071.665  001.370  000.916: require('fzf-lua.defaults')
071.670  004.123  000.422: require('fzf-lua.config')
071.747  000.013  000.013: sourcing /Users/lucaspichette/.local/share/nvim/lazy/fzf-lua/plugin/fzf-lua.vim
071.953  000.155  000.155: sourcing /Users/lucaspichette/.local/share/nvim/lazy/fzf-lua/autoload/fzf_lua.vim
072.734  000.222  000.222: require('fzf-lua.fzf')
073.210  000.474  000.474: require('fzf-lua.win')
073.463  000.252  000.252: require('fzf-lua.shell')
073.781  000.317  000.317: require('fzf-lua.make_entry')
073.787  001.541  000.276: require('fzf-lua.core')
073.813  008.547  000.950: require('fzf-lua')
073.880  009.792  000.849: require('fzf-lua')
073.881  010.167  000.375: require('custom_search')
074.186  000.294  000.294: require('custom_notes')
074.192  011.017  000.556: require('config.mappings')
074.471  000.278  000.278: require('config.ui')
074.476  068.751  000.299: sourcing /Users/lucaspichette/.config/nvim/init.lua
074.487  001.037: sourcing vimrc file(s)
074.652  000.030  000.030: sourcing /opt/homebrew/Cellar/neovim/0.10.2_1/share/nvim/runtime/filetype.lua
075.163  000.106  000.106: sourcing /opt/homebrew/Cellar/neovim/0.10.2_1/share/nvim/runtime/syntax/synload.vim
075.210  000.495  000.389: sourcing /opt/homebrew/Cellar/neovim/0.10.2_1/share/nvim/runtime/syntax/syntax.vim
075.215  000.202: inits 3
077.981  002.766: reading ShaDa
080.413  000.211  000.211: require('nvim-treesitter.utils')
081.772  000.098  000.098: require('vim.treesitter.language')
081.864  000.089  000.089: require('vim.func')
081.955  000.089  000.089: require('vim.func._memoize')
081.964  000.620  000.344: require('vim.treesitter.query')
082.176  000.211  000.211: require('vim.treesitter._range')
082.182  001.056  000.225: require('vim.treesitter.languagetree')
082.185  001.357  000.300: require('vim.treesitter')
082.869  002.454  001.097: require('nvim-treesitter.parsers')
083.955  000.314  000.314: require('nvim-treesitter.compat')
084.229  000.111  000.111: require('nvim-treesitter.ts_utils')
084.231  000.275  000.164: require('nvim-treesitter.tsrange')
084.423  000.191  000.191: require('nvim-treesitter.caching')
084.429  000.991  000.212: require('nvim-treesitter.query')
084.436  001.320  000.329: require('nvim-treesitter.configs')
084.438  001.567  000.247: require('nvim-treesitter.info')
084.680  000.241  000.241: require('nvim-treesitter.shell_command_selectors')
084.693  004.736  000.262: require('nvim-treesitter.install')
084.788  000.094  000.094: require('nvim-treesitter.statusline')
084.886  000.097  000.097: require('nvim-treesitter.query_predicates')
084.887  005.583  000.655: require('nvim-treesitter')
085.179  006.125  000.542: sourcing /Users/lucaspichette/.local/share/nvim/lazy/nvim-treesitter/plugin/nvim-treesitter.lua
086.663  001.049  001.049: require('conform')
087.787  000.187  000.187: require('gitsigns.async')
088.016  000.228  000.228: require('gitsigns.debug.log')
088.280  000.263  000.263: require('gitsigns.config')
088.283  001.513  000.836: require('gitsigns')
088.741  000.243  000.243: require('gitsigns.highlight')
089.620  000.280  000.280: require('gitsigns.status')
090.047  000.237  000.237: require('gitsigns.util')
090.706  000.094  000.094: require('gitsigns.system')
090.708  000.427  000.333: require('gitsigns.git.cmd')
090.875  000.085  000.085: require('gitsigns.message')
090.877  000.168  000.082: require('gitsigns.git.version')
090.879  000.831  000.236: require('gitsigns.git.repo')
090.882  001.261  000.193: require('gitsigns.git')
091.052  000.169  000.169: require('gitsigns.cache')
091.423  000.166  000.166: require('gitsigns.diff')
091.517  000.093  000.093: require('gitsigns.hunks')
091.664  000.146  000.146: require('gitsigns.signs')
091.771  000.106  000.106: require('gitsigns.debounce')
091.778  000.724  000.213: require('gitsigns.manager')
091.782  002.719  000.284: require('gitsigns.attach')
092.016  000.214  000.214: require('gitsigns.current_line_blame')
092.349  000.266  000.266: require('vim._system')
098.005  000.250  000.250: sourcing /opt/homebrew/Cellar/neovim/0.10.2_1/share/nvim/runtime/ftplugin/lua.vim
103.535  000.388  000.388: require('vim.treesitter.highlighter')
103.649  005.599  005.211: sourcing /opt/homebrew/Cellar/neovim/0.10.2_1/share/nvim/runtime/ftplugin/lua.lua
105.282  000.160  000.160: sourcing /opt/homebrew/Cellar/neovim/0.10.2_1/share/nvim/runtime/indent/lua.vim
109.443  000.433  000.433: require('vim.lsp.client')
109.989  000.254  000.254: require('vim.glob')
109.997  000.517  000.263: require('vim.lsp._dynamic')
110.942  000.227  000.227: require('vim.version')
122.772  000.247  000.247: require('lualine_require')
123.455  002.265  002.018: require('lualine')
131.777  000.508  000.508: require('lualine.utils.mode')
132.458  032.388: opening buffers
133.522  001.064: BufEnter autocommands
133.524  000.002: editing files in windows
135.084  001.560: VimEnter autocommands
135.106  000.022: UIEnter autocommands
135.567  000.324  000.324: sourcing /opt/homebrew/Cellar/neovim/0.10.2_1/share/nvim/runtime/autoload/provider/clipboard.vim
135.571  000.140: before starting main loop
140.330  004.759: first screen update
140.332  000.002: --- NVIM STARTED ---

